Gowhere/proguard/seeds.txt
com.spring.gowhere.AirOrder
com.spring.gowhere.AirOrder: AirOrder()
com.spring.gowhere.HotelActivity
com.spring.gowhere.HotelActivity: HotelActivity()
com.spring.gowhere.HotelDetail
com.spring.gowhere.HotelDetail: HotelDetail()
com.spring.gowhere.HotelSearch
com.spring.gowhere.HotelSearch: HotelSearch()
com.spring.gowhere.HotelSearch: void onClick(android.view.View)
com.spring.gowhere.HotelTab
com.spring.gowhere.HotelTab: HotelTab()
com.spring.gowhere.InitActivity
com.spring.gowhere.InitActivity: InitActivity()
com.spring.gowhere.MainActivity
com.spring.gowhere.MainActivity: MainActivity()
com.spring.gowhere.R$anim: int slide_in_from_bottom
com.spring.gowhere.R$anim: int slide_in_from_top
com.spring.gowhere.R$anim: int slide_out_to_bottom
com.spring.gowhere.R$anim: int slide_out_to_top
com.spring.gowhere.R$attr: int backcolor
com.spring.gowhere.R$attr: int big
com.spring.gowhere.R$attr: int home
com.spring.gowhere.R$attr: int ptrAdapterViewBackground
com.spring.gowhere.R$attr: int ptrAnimationStyle
com.spring.gowhere.R$attr: int ptrDrawable
com.spring.gowhere.R$attr: int ptrDrawableBottom
com.spring.gowhere.R$attr: int ptrDrawableEnd
com.spring.gowhere.R$attr: int ptrDrawableStart
com.spring.gowhere.R$attr: int ptrDrawableTop
com.spring.gowhere.R$attr: int ptrHeaderBackground
com.spring.gowhere.R$attr: int ptrHeaderSubTextColor
com.spring.gowhere.R$attr: int ptrHeaderTextAppearance
com.spring.gowhere.R$attr: int ptrHeaderTextColor
com.spring.gowhere.R$attr: int ptrListViewExtrasEnabled
com.spring.gowhere.R$attr: int ptrMode
com.spring.gowhere.R$attr: int ptrOverScroll
com.spring.gowhere.R$attr: int ptrRefreshableViewBackground
com.spring.gowhere.R$attr: int ptrRotateDrawableWhilePulling
com.spring.gowhere.R$attr: int ptrScrollingWhileRefreshingEnabled
com.spring.gowhere.R$attr: int ptrShowIndicator
com.spring.gowhere.R$attr: int ptrSubHeaderTextAppearance
com.spring.gowhere.R$attr: int text
com.spring.gowhere.R$attr: int textSize
com.spring.gowhere.R$color: int air
com.spring.gowhere.R$color: int black
com.spring.gowhere.R$color: int blue
com.spring.gowhere.R$color: int focused
com.spring.gowhere.R$color: int inselected
com.spring.gowhere.R$color: int jingdian
com.spring.gowhere.R$color: int main_bg_color
com.spring.gowhere.R$color: int orange
com.spring.gowhere.R$color: int pressed
com.spring.gowhere.R$color: int purple
com.spring.gowhere.R$color: int red
com.spring.gowhere.R$color: int selected
com.spring.gowhere.R$color: int slategray
com.spring.gowhere.R$color: int texi
com.spring.gowhere.R$color: int translucent_background
com.spring.gowhere.R$color: int unfocused
com.spring.gowhere.R$color: int white
com.spring.gowhere.R$dimen: int activity_horizontal_margin
com.spring.gowhere.R$dimen: int activity_vertical_margin
com.spring.gowhere.R$dimen: int bottom_tab_font_size
com.spring.gowhere.R$dimen: int bottom_tab_padding_drawable
com.spring.gowhere.R$dimen: int bottom_tab_padding_up
com.spring.gowhere.R$dimen: int button_height
com.spring.gowhere.R$dimen: int header_footer_left_right_padding
com.spring.gowhere.R$dimen: int header_footer_top_bottom_padding
com.spring.gowhere.R$dimen: int indicator_corner_radius
com.spring.gowhere.R$dimen: int indicator_internal_padding
com.spring.gowhere.R$dimen: int indicator_right_padding
com.spring.gowhere.R$dimen: int new_blog_size
com.spring.gowhere.R$dimen: int sta_height
com.spring.gowhere.R$dimen: int switch_logo_bottom_padding
com.spring.gowhere.R$dimen: int title_height
com.spring.gowhere.R$dimen: int widget_content_margin_left
com.spring.gowhere.R$dimen: int widget_content_margin_top
com.spring.gowhere.R$dimen: int widget_height
com.spring.gowhere.R$dimen: int widget_logo_size
com.spring.gowhere.R$dimen: int widget_write_margin_left
com.spring.gowhere.R$dimen: int widget_write_margin_top
...
com.boc.bocop.sdk.util.NetStateManager$NetState: com.boc.bocop.sdk.util.NetStateManager$NetState[] values()
com.boc.bocop.sdk.util.NetStateManager$NetState: com.boc.bocop.sdk.util.NetStateManager$NetState valueOf(java.lang.String)
com.example.androidhive.CustomizedListView
com.example.androidhive.CustomizedListView: CustomizedListView()
com.example.androidhive.webview
com.example.androidhive.webview: webview()
com.google.gson.FieldNamingPolicy: com.google.gson.FieldNamingPolicy[] values()
com.google.gson.FieldNamingPolicy: com.google.gson.FieldNamingPolicy valueOf(java.lang.String)
com.google.gson.LongSerializationPolicy: com.google.gson.LongSerializationPolicy[] values()
com.google.gson.LongSerializationPolicy: com.google.gson.LongSerializationPolicy valueOf(java.lang.String)
com.google.gson.stream.JsonToken: com.google.gson.stream.JsonToken[] values()
com.google.gson.stream.JsonToken: com.google.gson.stream.JsonToken valueOf(java.lang.String)
com.handmark.pulltorefresh.library.PullToRefreshAdapterViewBase: PullToRefreshAdapterViewBase(android.content.Context)
com.handmark.pulltorefresh.library.PullToRefreshAdapterViewBase: PullToRefreshAdapterViewBase(android.content.Context,android.util.AttributeSet)
com.handmark.pulltorefresh.library.PullToRefreshAdapterViewBase: PullToRefreshAdapterViewBase(android.content.Context,com.handmark.pulltorefresh.library.PullToRefreshBase$Mode)
com.handmark.pulltorefresh.library.PullToRefreshAdapterViewBase: PullToRefreshAdapterViewBase(android.content.Context,com.handmark.pulltorefresh.library.PullToRefreshBase$Mode,com.handmark.pulltorefresh.library.PullToRefreshBase$AnimationStyle)
com.handmark.pulltorefresh.library.PullToRefreshAdapterViewBase: boolean getShowIndicator()
com.handmark.pulltorefresh.library.PullToRefreshAdapterViewBase: void setAdapter(android.widget.ListAdapter)
com.handmark.pulltorefresh.library.PullToRefreshAdapterViewBase: void setEmptyView(android.view.View)
com.handmark.pulltorefresh.library.PullToRefreshAdapterViewBase: void setOnItemClickListener(android.widget.AdapterView$OnItemClickListener)
com.handmark.pulltorefresh.library.PullToRefreshAdapterViewBase: void setOnLastItemVisibleListener(com.handmark.pulltorefresh.library.PullToRefreshBase$OnLastItemVisibleListener)
com.handmark.pulltorefresh.library.PullToRefreshAdapterViewBase: void setOnScrollListener(android.widget.AbsListView$OnScrollListener)
com.handmark.pulltorefresh.library.PullToRefreshBase: PullToRefreshBase(android.content.Context)
com.handmark.pulltorefresh.library.PullToRefreshBase: PullToRefreshBase(android.content.Context,android.util.AttributeSet)
com.handmark.pulltorefresh.library.PullToRefreshBase: PullToRefreshBase(android.content.Context,com.handmark.pulltorefresh.library.PullToRefreshBase$Mode)
com.handmark.pulltorefresh.library.PullToRefreshBase: PullToRefreshBase(android.content.Context,com.handmark.pulltorefresh.library.PullToRefreshBase$Mode,com.handmark.pulltorefresh.library.PullToRefreshBase$AnimationStyle)
com.handmark.pulltorefresh.library.PullToRefreshBase: com.handmark.pulltorefresh.library.PullToRefreshBase$Mode getCurrentMode()
com.handmark.pulltorefresh.library.PullToRefreshBase: boolean getFilterTouchEvents()
com.handmark.pulltorefresh.library.PullToRefreshBase: com.handmark.pulltorefresh.library.ILoadingLayout getLoadingLayoutProxy()
com.handmark.pulltorefresh.library.PullToRefreshBase: com.handmark.pulltorefresh.library.PullToRefreshBase$Mode getMode()
com.handmark.pulltorefresh.library.PullToRefreshBase: android.view.View getRefreshableView()
com.handmark.pulltorefresh.library.PullToRefreshBase: boolean getShowViewWhileRefreshing()
com.handmark.pulltorefresh.library.PullToRefreshBase: com.handmark.pulltorefresh.library.PullToRefreshBase$State getState()
com.handmark.pulltorefresh.library.PullToRefreshBase: void setScrollingWhileRefreshingEnabled(boolean)