Gowhere/proguard/mapping.txt
com.spring.gowhere.AirOrder -> com.spring.gowhere.AirOrder:
    android.widget.TabHost tabHost -> n
    android.widget.TabWidget tabWidget -> o
    int CURRENT_TAB -> p
    com.spring.framgent.AirOrder_using airOrder_using -> q
    com.spring.framgent.AirOrder_no_using airOrder_no_using -> r
    com.spring.framgent.AirOrder_all airOrder_all -> s
    com.spring.framgent.Setting_Fragment meFragment -> t
    com.spring.framgent.Index_Fragment index_Fragment -> u
    android.support.v4.app.FragmentTransaction ft -> v
    android.widget.LinearLayout tabIndicator1 -> w
    android.widget.LinearLayout tabIndicator2 -> x
    android.widget.LinearLayout tabIndicator4 -> y
    void onCreate(android.os.Bundle) -> onCreate
    void isTabHome() -> f
    void isTabWall() -> g
    void isTabMessage() -> h
    void isTabMe() -> i
    void isTabIndex() -> j
    void findTabView() -> k
    void initTab() -> l
com.spring.gowhere.AirOrder$1 -> com.spring.gowhere.a:
    com.spring.gowhere.AirOrder this$0 -> a
    void onTabChanged(java.lang.String) -> onTabChanged
com.spring.gowhere.BitmapUtils -> com.spring.gowhere.b:
    android.graphics.Bitmap zoomImage(android.graphics.Bitmap,double,double) -> a
com.spring.gowhere.HotelActivity -> com.spring.gowhere.HotelActivity:
    android.widget.TextView title -> a
    android.widget.LinearLayout layout -> b
    android.widget.RelativeLayout search -> c
    android.widget.RelativeLayout gettimee -> d
    android.widget.RelativeLayout categories -> e
    android.widget.RelativeLayout keywords -> f
    android.widget.RelativeLayout rangements -> g
    android.widget.TextView getTime -> h
    android.widget.TextView gettime2 -> i
    android.widget.TextView keyword -> j
    android.widget.TextView rangement -> k
    android.widget.TextView categoryy -> l
    java.util.Calendar calendar -> m
    android.app.DatePickerDialog dialog -> n
    android.widget.Button searchbutt -> o
    void onCreate(android.os.Bundle) -> onCreate
    void onActivityResult(int,int,android.content.Intent) -> onActivityResult
    void access$0(com.spring.gowhere.HotelActivity,java.util.Calendar) -> a
    android.widget.TextView access$1(com.spring.gowhere.HotelActivity) -> a
    java.util.Calendar access$2(com.spring.gowhere.HotelActivity) -> b
    void access$3(com.spring.gowhere.HotelActivity,android.app.DatePickerDialog) -> a
    android.app.DatePickerDialog access$4(com.spring.gowhere.HotelActivity) -> c
    android.widget.TextView access$5(com.spring.gowhere.HotelActivity) -> d
    android.widget.TextView access$6(com.spring.gowhere.HotelActivity) -> e
    android.widget.TextView access$7(com.spring.gowhere.HotelActivity) -> f
com.spring.gowhere.HotelActivity$1 -> com.spring.gowhere.c:
    com.spring.gowhere.HotelActivity this$0 -> a
    void onClick(android.view.View) -> onClick
    com.spring.gowhere.HotelActivity access$0(com.spring.gowhere.HotelActivity$1) -> a
com.spring.gowhere.HotelActivity$1$1 -> com.spring.gowhere.d:
    com.spring.gowhere.HotelActivity$1 this$1 -> a
    void onDateSet(android.widget.DatePicker,int,int,int) -> onDateSet
com.spring.gowhere.HotelActivity$2 -> com.spring.gowhere.e:
    com.spring.gowhere.HotelActivity this$0 -> a
    void onClick(android.view.View) -> onClick
    com.spring.gowhere.HotelActivity access$0(com.spring.gowhere.HotelActivity$2) -> a
com.spring.gowhere.HotelActivity$2$1 -> com.spring.gowhere.f:
    com.spring.gowhere.HotelActivity$2 this$1 -> a
    void onDateSet(android.widget.DatePicker,int,int,int) -> onDateSet
com.spring.gowhere.HotelActivity$3 -> com.spring.gowhere.g:
    com.spring.gowhere.HotelActivity this$0 -> a
    void onClick(android.view.View) -> onClick
    com.spring.gowhere.HotelActivity access$0(com.spring.gowhere.HotelActivity$3) -> a
com.spring.gowhere.HotelActivity$3$1 -> com.spring.gowhere.h:
    com.spring.gowhere.HotelActivity$3 this$1 -> a
    java.lang.String[] val$cities -> b
    void onClick(android.content.DialogInterface,int) -> onClick
...
com.spring.usecenter.ProjectActivity -> com.spring.usecenter.ProjectActivity:
    android.widget.RadioGroup group -> a
    android.widget.TabHost tabHost -> b
    android.widget.LinearLayout layout -> c
    void onCreate(android.os.Bundle) -> onCreate
    void initData() -> a
    android.widget.RadioGroup setTopGroup() -> b
    android.widget.TabHost access$0(com.spring.usecenter.ProjectActivity) -> a
com.spring.usecenter.ProjectActivity$1 -> com.spring.usecenter.u:
    com.spring.usecenter.ProjectActivity this$0 -> a
    void onClick(android.view.View) -> onClick
com.spring.usecenter.ProjectActivity$2 -> com.spring.usecenter.v:
    com.spring.usecenter.ProjectActivity this$0 -> a
    void onCheckedChanged(android.widget.RadioGroup,int) -> onCheckedChanged
com.spring.usecenter.SearchProductSearch -> com.spring.usecenter.SearchProductSearch:
    android.widget.RelativeLayout layout_name -> c
    android.widget.RelativeLayout layout_time -> d
    android.widget.RelativeLayout layout_files -> e
    android.widget.TextView startTime -> f
    android.widget.TextView endTime -> g
    int yearOfCalendar -> h
    int monthOfYear -> i
    int dayOfMonth -> j
    int INDEX_OF_DIALOG -> k
    java.lang.String dest -> a
    android.app.DatePickerDialog$OnDateSetListener onDateSetListener -> b
    void onCreate(android.os.Bundle) -> onCreate
    android.app.Dialog onCreateDialog(int) -> onCreateDialog
    void show_search_way_dialog(android.view.View) -> show_search_way_dialog
    int access$0() -> a
    android.widget.TextView access$1(com.spring.usecenter.SearchProductSearch) -> a
    android.widget.TextView access$2(com.spring.usecenter.SearchProductSearch) -> b
    void access$3(int) -> a
    android.widget.RelativeLayout access$4(com.spring.usecenter.SearchProductSearch) -> c
    android.widget.RelativeLayout access$5(com.spring.usecenter.SearchProductSearch) -> d
    android.widget.RelativeLayout access$6(com.spring.usecenter.SearchProductSearch) -> e
com.spring.usecenter.SearchProductSearch$1 -> com.spring.usecenter.w:
    com.spring.usecenter.SearchProductSearch this$0 -> a
    void onDateSet(android.widget.DatePicker,int,int,int) -> onDateSet
com.spring.usecenter.SearchProductSearch$2 -> com.spring.usecenter.x:
    com.spring.usecenter.SearchProductSearch this$0 -> a
    void onClick(android.view.View) -> onClick
com.spring.usecenter.SearchProductSearch$3 -> com.spring.usecenter.y:
    com.spring.usecenter.SearchProductSearch this$0 -> a
    void onClick(android.view.View) -> onClick
com.spring.usecenter.SearchProductSearch$4 -> com.spring.usecenter.z:
    com.spring.usecenter.SearchProductSearch this$0 -> a
    void onClick(android.view.View) -> onClick
com.spring.usecenter.SearchProductSearch$5 -> com.spring.usecenter.aa:
    com.spring.usecenter.SearchProductSearch this$0 -> a
    void onClick(android.view.View) -> onClick
com.spring.usecenter.SearchProductSearch$6 -> com.spring.usecenter.ab:
    com.spring.usecenter.SearchProductSearch this$0 -> a
    void onClick(android.content.DialogInterface,int) -> onClick