Gowhere/proguard/usage.txt
com.spring.gowhere.AirOrder:
    android.widget.LinearLayout bottom_layout
    android.widget.LinearLayout tabIndicator3
    android.widget.LinearLayout tabIndicator5
com.spring.gowhere.BitmapUtils:
    6:6:public BitmapUtils()
com.spring.gowhere.BuildConfig
com.spring.gowhere.HotelSearch:
    private android.widget.ListView listView
    private com.spring.gowhere.HotelSearch$MyAdapter adapter
    private android.view.LayoutInflater inflater
    private java.util.ArrayList list
    39:39:static synthetic java.util.ArrayList access$0(com.spring.gowhere.HotelSearch)
    34:34:static synthetic android.view.LayoutInflater access$1(com.spring.gowhere.HotelSearch)
com.spring.gowhere.HotelSearch$MyAdapter
com.spring.gowhere.HotelTab:
    android.widget.LinearLayout bottom_layout
    android.widget.LinearLayout tabIndicator3
com.spring.gowhere.MainActivity:
    android.widget.LinearLayout bottom_layout
com.spring.gowhere.R:
    10:10:public R()
com.spring.gowhere.R$anim
com.spring.gowhere.R$attr
com.spring.gowhere.R$color
com.spring.gowhere.R$dimen
com.spring.gowhere.R$drawable
com.spring.gowhere.R$id
com.spring.gowhere.R$layout
com.spring.gowhere.R$menu
com.spring.gowhere.R$raw
com.spring.gowhere.R$string
com.spring.gowhere.R$style
com.spring.gowhere.R$styleable:
    892:892:public R$styleable()
com.spring.gowhere.payment:
    private static final char SPACE
...
com.baidu.mapapi.utils.a$a:
    a$a()
com.baidu.mapapi.utils.b:
    public b()
com.baidu.mapapi.utils.e:
    public e()
    public static int a(com.baidu.platform.comapi.basestruct.GeoPoint,int)
com.baidu.mapapi.utils.f
com.baidu.mapapi.utils.g
com.baidu.mapapi.utils.h
com.baidu.mapapi.utils.i:
    public i()
com.baidu.platform.comapi.a.a
com.baidu.platform.comapi.b.a
com.baidu.platform.comapi.b.b
com.baidu.platform.comapi.b.c
com.baidu.platform.comapi.b.d:
    private com.baidu.platform.comapi.b.c a
    private com.baidu.platform.comapi.b.a b
    d()
    public void a(com.baidu.platform.comapi.b.c)
    public void a(com.baidu.platform.comapi.b.e)
    public void a(android.os.Message)
com.baidu.platform.comapi.b.e:
    private int e
    public static com.baidu.platform.comapi.b.e a()
    private e()
    private boolean d()
    public void a(com.baidu.platform.comapi.b.c)
    public int c()
    public void a(int)
    public boolean a(java.lang.String,java.lang.String,int,com.baidu.platform.comapi.basestruct.b,int,java.util.Map)
    public boolean a(java.lang.String,int,int,int,com.baidu.platform.comapi.basestruct.b,com.baidu.platform.comapi.basestruct.b,java.util.Map)
    public boolean a(java.lang.String,int,int,com.baidu.platform.comapi.basestruct.b,int,com.baidu.platform.comapi.basestruct.c,java.util.Map)
    public boolean a(java.lang.String[],int,int,int,int,com.baidu.platform.comapi.basestruct.b,com.baidu.platform.comapi.basestruct.b,java.util.Map)
    private android.os.Bundle a(com.baidu.platform.comapi.b.b)
    public boolean a(com.baidu.platform.comapi.b.b,com.baidu.platform.comapi.b.b,java.lang.String,com.baidu.platform.comapi.basestruct.b,int,int,java.util.Map)
    public boolean a(com.baidu.platform.comapi.b.b,com.baidu.platform.comapi.b.b,java.lang.String,java.lang.String,java.lang.String,com.baidu.platform.comapi.basestruct.b,int,int,int,java.util.ArrayList,java.util.Map)
    public boolean a(com.baidu.platform.comapi.b.b,com.baidu.platform.comapi.b.b,java.lang.String,java.lang.String,java.lang.String,com.baidu.platform.comapi.basestruct.b,int,java.util.Map)
    public boolean a(java.lang.String)
com.baidu.platform.comapi.b.f
com.baidu.platform.comapi.b.g
com.baidu.platform.comapi.basestruct.a
com.baidu.platform.comapi.basestruct.b
com.baidu.platform.comapi.basestruct.c:
    public int a()
    public void a(int)
    public int b()
    public void b(int)
com.baidu.platform.comapi.c.a:
    public void a(java.lang.String,java.lang.String)
    public static void b()
    public boolean c()
    private android.os.Bundle f()
    public void d()
com.baidu.platform.comapi.d.a:
    public a()
    public static void a(android.content.Context,org.apache.http.params.HttpParams)
com.baidu.platform.comapi.d.b:
    public b()
com.baidu.platform.comapi.d.c:
    public c()
    public static void b(java.lang.String,java.lang.String)
    public static int l()
    public static int m()
    public static java.lang.String o()
    public static java.lang.String p()
    public static java.lang.String q()
com.baidu.platform.comapi.map.A:
    public java.lang.String b()
    public android.os.Bundle c()
com.baidu.platform.comapi.map.Projection:
    public abstract float metersToEquatorPixels(float)
com.baidu.platform.comapi.map.b:
    public java.lang.String b()
    public android.os.Bundle c()
com.baidu.platform.comapi.map.d:
    public d(int)
    public abstract java.lang.String b()
    public abstract android.os.Bundle c()
    public int e()
com.baidu.platform.comapi.map.e:
    public float metersToEquatorPixels(float)
com.baidu.platform.comapi.map.g
com.baidu.platform.comapi.map.h
com.baidu.platform.comapi.map.i
com.baidu.platform.comapi.map.j
com.baidu.platform.comapi.map.k
com.baidu.platform.comapi.map.l
com.baidu.platform.comapi.map.m
com.baidu.platform.comapi.map.n:
    public java.lang.String b()
    public android.os.Bundle c()